Arguments: 
  /home/jjj/.nvm/versions/node/v12.18.3/bin/node /usr/share/yarn/bin/yarn.js add ./hardhat-v2.0.7.tar

PATH: 
  /home/jjj/.cargo/bin:/home/jjj/.local/bin:/home/jjj/.nvm/versions/node/v12.18.3/bin:/home/jjj/miniconda3/bin:/home/jjj/miniconda3/condabin:/usr/local/sbin:/usr/local/bin:/usr/sbin:/usr/bin:/sbin:/bin:/usr/games:/usr/local/games:/mnt/e/Oculus/Support/oculus-runtime:/mnt/c/WINDOWS/system32:/mnt/c/WINDOWS:/mnt/c/WINDOWS/System32/Wbem:/mnt/c/WINDOWS/System32/WindowsPowerShell/v1.0:/mnt/c/WINDOWS/System32/OpenSSH:/mnt/c/Program Files/Calibre2:/mnt/c/ProgramData/chocolatey/bin:/mnt/c/Program Files (x86)/NVIDIA Corporation/PhysX/Common:/mnt/c/Program Files/NVIDIA Corporation/NVIDIA NvDLISR:/mnt/c/Program Files/Inkscape/bin:/mnt/c/Program Files/Docker/Docker/resources/bin:/mnt/c/ProgramData/DockerDesktop/version-bin:/mnt/c/Program Files/Git/cmd:/mnt/c/Windows/system32:/mnt/c/Windows:/mnt/c/Windows/System32/Wbem:/mnt/c/Windows/System32/WindowsPowerShell/v1.0:/mnt/c/Windows/System32/OpenSSH:/mnt/c/Users/JJJ/AppData/Local/Programs/Python/Python37/Scripts:/mnt/c/Users/JJJ/AppData/Local/Programs/Python/Python37:/mnt/c/Users/JJJ/AppData/Local/Microsoft/WindowsApps:/mnt/c/Users/JJJ/AppData/Local/Programs/Microsoft VS Code/bin:/mnt/c/Users/JJJ/AppData/Local/Keybase:/snap/bin:/home/jjj/.fzf/bin:/home/jjj/.local/bin

Yarn version: 
  1.22.5

Node version: 
  12.18.3

Platform: 
  linux x64

Trace: 
  Error: ENOTDIR: not a directory, scandir '/home/jjj/.cache/yarn/v6/npm-home-jjj-zap-hardhat-0.0.0-94ed99a5-d12f-4ed7-81b1-fa83a137c37a-1611780286170/node_modules/home/jjj/ZAP/zap-hardhat'

npm manifest: 
  {
    "name": "zap-hardhat",
    "version": "0.0.2",
    "description": "",
    "main": "index.js",
    "scripts": {
      "build": "npm run clean && npm run compile",
      "clean": "npx hardhat clean",
      "compile": "npx hardhat compile",
      "test": "npx hardhat test",
      "coverage": "npm run build && npx hardhat coverage --temp artifacts --network coverage",
      "prettier-format": "prettier --config .prettierrc 'test/*.ts'  --write"
    },
    "author": "ZapProtocol",
    "homepage": "https://zap.org",
    "devDependencies": {
      "@nomiclabs/hardhat-ethers": "^2.0.0",
      "@nomiclabs/hardhat-etherscan": "^2.0.0",
      "@nomiclabs/hardhat-waffle": "^2.0.0",
      "@nomiclabs/hardhat-web3": "^2.0.0",
      "@typechain/ethers-v5": "^2.0.0",
      "@types/chai": "^4.2.14",
      "@types/mocha": "^8.2.0",
      "@types/node": "^14.14.6",
      "chai": "^4.2.0",
      "dotenv": "^8.2.0",
      "ethereum-waffle": "^3.1.2",
      "ethers": "^5.0.24",
      "hardhat": "^2.0.7",
      "hardhat-deploy-ethers": "^0.3.0-beta.7",
      "hardhat-typechain": "^0.3.3",
      "ts-generator": "^0.1.1",
      "ts-node": "^9.0.0",
      "typechain": "^3.0.0",
      "typescript": "^4.0.5",
      "web3": "^1.3.1",
      "prettier": "^2.2.1"
    },
    "dependencies": {
      "hardhat-deploy": "^0.7.0-beta.39",
      "ping": "^0.4.0"
    }
  }

yarn manifest: 
  No manifest

Lockfile: 
  No lockfile
